[ 2016-12-26T22:08:08+08:00 ] ::1 /thinkPhpPro/Shop/
INFO: [ app_init ] --START--
INFO: Run Behavior\BuildLiteBehavior [ RunTime:0.000024s ]
INFO: [ app_init ] --END-- [ RunTime:0.101058s ]
INFO: [ app_begin ] --START--
INFO: Run Behavior\ReadHtmlCacheBehavior [ RunTime:0.019436s ]
INFO: [ app_begin ] --END-- [ RunTime:0.019510s ]
SQL: SHOW COLUMNS FROM `goods` [ RunTime:0.6270s ]
SQL: SHOW COLUMNS FROM `goods` [ RunTime:0.0048s ]
SQL: SELECT * FROM `goods` LIMIT 8   [ RunTime:0.0230s ]
INFO: [ view_parse ] --START--
INFO: [ template_filter ] --START--
INFO: Run Behavior\ContentReplaceBehavior [ RunTime:0.028316s ]
INFO: [ template_filter ] --END-- [ RunTime:0.028393s ]
INFO: Run Behavior\ParseTemplateBehavior [ RunTime:0.222268s ]
INFO: [ view_parse ] --END-- [ RunTime:0.222352s ]
INFO: [ view_filter ] --START--
INFO: Run Behavior\WriteHtmlCacheBehavior [ RunTime:0.015654s ]
INFO: [ view_filter ] --END-- [ RunTime:0.015723s ]
INFO: [ app_end ] --START--
INFO: Run Behavior\ShowPageTraceBehavior [ RunTime:0.016990s ]
INFO: [ app_end ] --END-- [ RunTime:0.017118s ]

[ 2016-12-26T22:08:11+08:00 ] ::1 /thinkPhpPro/Shop/index.php/Index/index.html
INFO: [ app_init ] --START--
INFO: Run Behavior\BuildLiteBehavior [ RunTime:0.000023s ]
INFO: [ app_init ] --END-- [ RunTime:0.000873s ]
INFO: [ app_begin ] --START--
INFO: Run Behavior\ReadHtmlCacheBehavior [ RunTime:0.001209s ]
INFO: [ app_begin ] --END-- [ RunTime:0.001289s ]
SQL: SHOW COLUMNS FROM `goods` [ RunTime:0.0066s ]
SQL: SHOW COLUMNS FROM `goods` [ RunTime:0.0056s ]
SQL: SELECT * FROM `goods` LIMIT 8   [ RunTime:0.0005s ]
INFO: [ view_parse ] --START--
INFO: [ template_filter ] --START--
INFO: Run Behavior\ContentReplaceBehavior [ RunTime:0.000111s ]
INFO: [ template_filter ] --END-- [ RunTime:0.000211s ]
INFO: Run Behavior\ParseTemplateBehavior [ RunTime:0.018331s ]
INFO: [ view_parse ] --END-- [ RunTime:0.018427s ]
INFO: [ view_filter ] --START--
INFO: Run Behavior\WriteHtmlCacheBehavior [ RunTime:0.001013s ]
INFO: [ view_filter ] --END-- [ RunTime:0.001061s ]
INFO: [ app_end ] --START--
INFO: Run Behavior\ShowPageTraceBehavior [ RunTime:0.001454s ]
INFO: [ app_end ] --END-- [ RunTime:0.001531s ]

[ 2016-12-26T22:08:16+08:00 ] ::1 /thinkPhpPro/Shop/index.php/User/login.html
INFO: [ app_init ] --START--
INFO: Run Behavior\BuildLiteBehavior [ RunTime:0.000018s ]
INFO: [ app_init ] --END-- [ RunTime:0.001202s ]
INFO: [ app_begin ] --START--
INFO: Run Behavior\ReadHtmlCacheBehavior [ RunTime:0.000933s ]
INFO: [ app_begin ] --END-- [ RunTime:0.001000s ]
INFO: [ view_parse ] --START--
INFO: [ template_filter ] --START--
INFO: Run Behavior\ContentReplaceBehavior [ RunTime:0.000172s ]
INFO: [ template_filter ] --END-- [ RunTime:0.000337s ]
INFO: Run Behavior\ParseTemplateBehavior [ RunTime:0.098154s ]
INFO: [ view_parse ] --END-- [ RunTime:0.098777s ]
INFO: [ view_filter ] --START--
INFO: Run Behavior\WriteHtmlCacheBehavior [ RunTime:0.001308s ]
INFO: [ view_filter ] --END-- [ RunTime:0.001400s ]
INFO: [ app_end ] --START--
INFO: Run Behavior\ShowPageTraceBehavior [ RunTime:0.001774s ]
INFO: [ app_end ] --END-- [ RunTime:0.001873s ]

[ 2016-12-26T22:08:22+08:00 ] ::1 /thinkPhpPro/Shop/index.php/User/doLogin.html
INFO: [ app_init ] --START--
INFO: Run Behavior\BuildLiteBehavior [ RunTime:0.000017s ]
INFO: [ app_init ] --END-- [ RunTime:0.000785s ]
INFO: [ app_begin ] --START--
INFO: Run Behavior\ReadHtmlCacheBehavior [ RunTime:0.001189s ]
INFO: [ app_begin ] --END-- [ RunTime:0.001265s ]
SQL: SHOW COLUMNS FROM `user` [ RunTime:0.0987s ]
SQL: SHOW COLUMNS FROM `user` [ RunTime:0.0093s ]
SQL: SELECT * FROM `user` WHERE ( username='daisy' and password ='123456' ) LIMIT 1   [ RunTime:0.1246s ]

[ 2016-12-26T22:08:22+08:00 ] ::1 /thinkPhpPro/Shop/index.php/Index/index.html
INFO: [ app_init ] --START--
INFO: Run Behavior\BuildLiteBehavior [ RunTime:0.000013s ]
INFO: [ app_init ] --END-- [ RunTime:0.000694s ]
INFO: [ app_begin ] --START--
INFO: Run Behavior\ReadHtmlCacheBehavior [ RunTime:0.001007s ]
INFO: [ app_begin ] --END-- [ RunTime:0.001076s ]
SQL: SHOW COLUMNS FROM `goods` [ RunTime:0.0400s ]
SQL: SHOW COLUMNS FROM `goods` [ RunTime:0.0500s ]
SQL: SELECT * FROM `goods` LIMIT 8   [ RunTime:0.0004s ]
INFO: [ view_parse ] --START--
INFO: [ template_filter ] --START--
INFO: Run Behavior\ContentReplaceBehavior [ RunTime:0.000184s ]
INFO: [ template_filter ] --END-- [ RunTime:0.000322s ]
INFO: Run Behavior\ParseTemplateBehavior [ RunTime:0.136842s ]
INFO: [ view_parse ] --END-- [ RunTime:0.136947s ]
INFO: [ view_filter ] --START--
INFO: Run Behavior\WriteHtmlCacheBehavior [ RunTime:0.001477s ]
INFO: [ view_filter ] --END-- [ RunTime:0.001595s ]
INFO: [ app_end ] --START--
INFO: Run Behavior\ShowPageTraceBehavior [ RunTime:0.002091s ]
INFO: [ app_end ] --END-- [ RunTime:0.002235s ]

[ 2016-12-26T22:08:24+08:00 ] ::1 /thinkPhpPro/Shop/index.php/Goods/goodsList/goodstype/%E6%8A%A4%E8%82%A4.html
INFO: [ app_init ] --START--
INFO: Run Behavior\BuildLiteBehavior [ RunTime:0.000036s ]
INFO: [ app_init ] --END-- [ RunTime:0.001463s ]
INFO: [ app_begin ] --START--
INFO: Run Behavior\ReadHtmlCacheBehavior [ RunTime:0.001736s ]
INFO: [ app_begin ] --END-- [ RunTime:0.001860s ]
SQL: SHOW COLUMNS FROM `goods` [ RunTime:0.0084s ]
SQL: SHOW COLUMNS FROM `goods` [ RunTime:0.0113s ]
SQL: SELECT * FROM `goods` `g`,`saler` `s` WHERE ( g.salerid=s.salerid and g.goodstype='护肤'and now='1' )  [ RunTime:0.1415s ]
INFO: [ view_parse ] --START--
INFO: [ template_filter ] --START--
INFO: Run Behavior\ContentReplaceBehavior [ RunTime:0.000178s ]
INFO: [ template_filter ] --END-- [ RunTime:0.000301s ]
INFO: Run Behavior\ParseTemplateBehavior [ RunTime:0.070761s ]
INFO: [ view_parse ] --END-- [ RunTime:0.071031s ]
INFO: [ view_filter ] --START--
INFO: Run Behavior\WriteHtmlCacheBehavior [ RunTime:0.001576s ]
INFO: [ view_filter ] --END-- [ RunTime:0.001695s ]
INFO: [ app_end ] --START--
INFO: Run Behavior\ShowPageTraceBehavior [ RunTime:0.003188s ]
INFO: [ app_end ] --END-- [ RunTime:0.006792s ]

[ 2016-12-26T22:08:24+08:00 ] ::1 /thinkPhpPro/Shop/Public/upload/goods/QQ%E6%B5%8F%E8%A7%88%E5%99%A8%E6%88%AA%E5%9B%BE_2016122313
INFO: [ app_init ] --START--
INFO: Run Behavior\BuildLiteBehavior [ RunTime:0.000015s ]
INFO: [ app_init ] --END-- [ RunTime:0.000711s ]
INFO: [ app_begin ] --START--
INFO: Run Behavior\ReadHtmlCacheBehavior [ RunTime:0.000777s ]
INFO: [ app_begin ] --END-- [ RunTime:0.000826s ]
ERR: 无法加载控制器:Public

[ 2016-12-26T22:08:39+08:00 ] ::1 /thinkPhpPro/Shop/index.php/Goods/items/goodsid/11.html
INFO: [ app_init ] --START--
INFO: Run Behavior\BuildLiteBehavior [ RunTime:0.000014s ]
INFO: [ app_init ] --END-- [ RunTime:0.001088s ]
INFO: [ app_begin ] --START--
INFO: Run Behavior\ReadHtmlCacheBehavior [ RunTime:0.000742s ]
INFO: [ app_begin ] --END-- [ RunTime:0.000796s ]
SQL: SHOW COLUMNS FROM `goods` [ RunTime:0.0044s ]
SQL: SHOW COLUMNS FROM `goods` [ RunTime:0.0041s ]
SQL: SELECT * FROM `goods` `g`,`saler` `s` WHERE ( g.salerid=s.salerid and g.goodsid=11 ) LIMIT 1   [ RunTime:0.0646s ]
SQL: SHOW COLUMNS FROM `goods` [ RunTime:0.0080s ]
SQL: SELECT * FROM `goods` `g`,`saler` `s` WHERE ( g.salerid=s.salerid and g.goodsid=11 ) LIMIT 1   [ RunTime:0.0050s ]
SQL: SHOW COLUMNS FROM `comment` [ RunTime:0.0612s ]
SQL: SELECT * FROM `comment` `c`,`shoplist` `l`,`user` `u` WHERE ( l.goodsid='11'and l.shoplistid=c.shoplistid and l.userid=c.userid and c.userid=u.userid )  [ RunTime:0.0829s ]
INFO: [ view_parse ] --START--
INFO: [ template_filter ] --START--
INFO: Run Behavior\ContentReplaceBehavior [ RunTime:0.000171s ]
INFO: [ template_filter ] --END-- [ RunTime:0.000280s ]
INFO: Run Behavior\ParseTemplateBehavior [ RunTime:0.082573s ]
INFO: [ view_parse ] --END-- [ RunTime:0.082836s ]
INFO: [ view_filter ] --START--
INFO: Run Behavior\WriteHtmlCacheBehavior [ RunTime:0.001274s ]
INFO: [ view_filter ] --END-- [ RunTime:0.001364s ]
INFO: [ app_end ] --START--
INFO: Run Behavior\ShowPageTraceBehavior [ RunTime:0.001750s ]
INFO: [ app_end ] --END-- [ RunTime:0.001843s ]

[ 2016-12-26T22:08:39+08:00 ] ::1 /thinkPhpPro/Shop/Public/upload/goods/QQ%E6%B5%8F%E8%A7%88%E5%99%A8%E6%88%AA%E5%9B%BE_2016122313
INFO: [ app_init ] --START--
INFO: Run Behavior\BuildLiteBehavior [ RunTime:0.000019s ]
INFO: [ app_init ] --END-- [ RunTime:0.000873s ]
INFO: [ app_begin ] --START--
INFO: Run Behavior\ReadHtmlCacheBehavior [ RunTime:0.001161s ]
INFO: [ app_begin ] --END-- [ RunTime:0.001251s ]
ERR: 无法加载控制器:Public

[ 2016-12-26T22:08:43+08:00 ] ::1 /thinkPhpPro/Shop/Public/upload/goods/QQ%E6%B5%8F%E8%A7%88%E5%99%A8%E6%88%AA%E5%9B%BE_2016122313
INFO: [ app_init ] --START--
INFO: Run Behavior\BuildLiteBehavior [ RunTime:0.000014s ]
INFO: [ app_init ] --END-- [ RunTime:0.000786s ]
INFO: [ app_begin ] --START--
INFO: Run Behavior\ReadHtmlCacheBehavior [ RunTime:0.001346s ]
INFO: [ app_begin ] --END-- [ RunTime:0.001427s ]
ERR: 无法加载控制器:Public

[ 2016-12-26T22:09:45+08:00 ] ::1 /thinkPhpPro/Shop/index.php/Goods/goodsList/goodstype/%E6%8A%A4%E8%82%A4.html
INFO: [ app_init ] --START--
INFO: Run Behavior\BuildLiteBehavior [ RunTime:0.000012s ]
INFO: [ app_init ] --END-- [ RunTime:0.001343s ]
INFO: [ app_begin ] --START--
INFO: Run Behavior\ReadHtmlCacheBehavior [ RunTime:0.004525s ]
INFO: [ app_begin ] --END-- [ RunTime:0.004592s ]
SQL: SHOW COLUMNS FROM `goods` [ RunTime:0.0052s ]
SQL: SHOW COLUMNS FROM `goods` [ RunTime:0.0060s ]
SQL: SELECT * FROM `goods` `g`,`saler` `s` WHERE ( g.salerid=s.salerid and g.goodstype='护肤'and now='1' )  [ RunTime:0.0007s ]
INFO: [ view_parse ] --START--
INFO: [ template_filter ] --START--
INFO: Run Behavior\ContentReplaceBehavior [ RunTime:0.000063s ]
INFO: [ template_filter ] --END-- [ RunTime:0.000116s ]
INFO: Run Behavior\ParseTemplateBehavior [ RunTime:0.027731s ]
INFO: [ view_parse ] --END-- [ RunTime:0.027823s ]
INFO: [ view_filter ] --START--
INFO: Run Behavior\WriteHtmlCacheBehavior [ RunTime:0.003157s ]
INFO: [ view_filter ] --END-- [ RunTime:0.003195s ]
INFO: [ app_end ] --START--
INFO: Run Behavior\ShowPageTraceBehavior [ RunTime:0.003434s ]
INFO: [ app_end ] --END-- [ RunTime:0.003476s ]

[ 2016-12-26T22:09:46+08:00 ] ::1 /thinkPhpPro/Shop/index.php/Goods/goodsList/goodstype/%E5%BD%A9%E5%A6%86.html
INFO: [ app_init ] --START--
INFO: Run Behavior\BuildLiteBehavior [ RunTime:0.000013s ]
INFO: [ app_init ] --END-- [ RunTime:0.001280s ]
INFO: [ app_begin ] --START--
INFO: Run Behavior\ReadHtmlCacheBehavior [ RunTime:0.003464s ]
INFO: [ app_begin ] --END-- [ RunTime:0.003543s ]
SQL: SHOW COLUMNS FROM `goods` [ RunTime:0.0068s ]
SQL: SHOW COLUMNS FROM `goods` [ RunTime:0.0042s ]
SQL: SELECT * FROM `goods` `g`,`saler` `s` WHERE ( g.salerid=s.salerid and g.goodstype='彩妆'and now='1' )  [ RunTime:0.0005s ]
INFO: [ view_parse ] --START--
INFO: [ template_filter ] --START--
INFO: Run Behavior\ContentReplaceBehavior [ RunTime:0.000100s ]
INFO: [ template_filter ] --END-- [ RunTime:0.000178s ]
INFO: Run Behavior\ParseTemplateBehavior [ RunTime:0.028396s ]
INFO: [ view_parse ] --END-- [ RunTime:0.028468s ]
INFO: [ view_filter ] --START--
INFO: Run Behavior\WriteHtmlCacheBehavior [ RunTime:0.003229s ]
INFO: [ view_filter ] --END-- [ RunTime:0.003269s ]
INFO: [ app_end ] --START--
INFO: Run Behavior\ShowPageTraceBehavior [ RunTime:0.003471s ]
INFO: [ app_end ] --END-- [ RunTime:0.003525s ]

[ 2016-12-26T22:09:48+08:00 ] ::1 /thinkPhpPro/Shop/index.php/Goods/goodsList/goodstype/%E8%BA%AB%E4%BD%93.html
INFO: [ app_init ] --START--
INFO: Run Behavior\BuildLiteBehavior [ RunTime:0.000028s ]
INFO: [ app_init ] --END-- [ RunTime:0.017474s ]
INFO: [ app_begin ] --START--
INFO: Run Behavior\ReadHtmlCacheBehavior [ RunTime:0.017451s ]
INFO: [ app_begin ] --END-- [ RunTime:0.017719s ]
SQL: SHOW COLUMNS FROM `goods` [ RunTime:0.0050s ]
SQL: SHOW COLUMNS FROM `goods` [ RunTime:0.0053s ]
SQL: SELECT * FROM `goods` `g`,`saler` `s` WHERE ( g.salerid=s.salerid and g.goodstype='身体'and now='1' )  [ RunTime:0.0007s ]
INFO: [ view_parse ] --START--
INFO: [ template_filter ] --START--
INFO: Run Behavior\ContentReplaceBehavior [ RunTime:0.000215s ]
INFO: [ template_filter ] --END-- [ RunTime:0.000385s ]
INFO: Run Behavior\ParseTemplateBehavior [ RunTime:0.191716s ]
INFO: [ view_parse ] --END-- [ RunTime:0.191868s ]
INFO: [ view_filter ] --START--
INFO: Run Behavior\WriteHtmlCacheBehavior [ RunTime:0.038328s ]
INFO: [ view_filter ] --END-- [ RunTime:0.038486s ]
INFO: [ app_end ] --START--
INFO: Run Behavior\ShowPageTraceBehavior [ RunTime:0.019073s ]
INFO: [ app_end ] --END-- [ RunTime:0.019248s ]

[ 2016-12-26T22:09:48+08:00 ] ::1 /thinkPhpPro/Shop/index.php/Goods/goodsList/goodstype/%E5%A4%B4%E5%8F%91.html
INFO: [ app_init ] --START--
INFO: Run Behavior\BuildLiteBehavior [ RunTime:0.000019s ]
INFO: [ app_init ] --END-- [ RunTime:0.002189s ]
INFO: [ app_begin ] --START--
INFO: Run Behavior\ReadHtmlCacheBehavior [ RunTime:0.003040s ]
INFO: [ app_begin ] --END-- [ RunTime:0.003107s ]
SQL: SHOW COLUMNS FROM `goods` [ RunTime:0.0092s ]
SQL: SHOW COLUMNS FROM `goods` [ RunTime:0.0097s ]
SQL: SELECT * FROM `goods` `g`,`saler` `s` WHERE ( g.salerid=s.salerid and g.goodstype='头发'and now='1' )  [ RunTime:0.0010s ]
INFO: [ view_parse ] --START--
INFO: [ template_filter ] --START--
INFO: Run Behavior\ContentReplaceBehavior [ RunTime:0.000102s ]
INFO: [ template_filter ] --END-- [ RunTime:0.000181s ]
INFO: Run Behavior\ParseTemplateBehavior [ RunTime:0.091614s ]
INFO: [ view_parse ] --END-- [ RunTime:0.091749s ]
INFO: [ view_filter ] --START--
INFO: Run Behavior\WriteHtmlCacheBehavior [ RunTime:0.005714s ]
INFO: [ view_filter ] --END-- [ RunTime:0.005812s ]
INFO: [ app_end ] --START--
INFO: Run Behavior\ShowPageTraceBehavior [ RunTime:0.007935s ]
INFO: [ app_end ] --END-- [ RunTime:0.008023s ]

[ 2016-12-26T22:09:48+08:00 ] ::1 /thinkPhpPro/Shop/index.php/Goods/goodsList/goodstype/%E5%8D%B8%E5%A6%86.html
INFO: [ app_init ] --START--
INFO: Run Behavior\BuildLiteBehavior [ RunTime:0.000029s ]
INFO: [ app_init ] --END-- [ RunTime:0.010905s ]
INFO: [ app_begin ] --START--
INFO: Run Behavior\ReadHtmlCacheBehavior [ RunTime:0.013182s ]
INFO: [ app_begin ] --END-- [ RunTime:0.013271s ]
SQL: SHOW COLUMNS FROM `goods` [ RunTime:0.1154s ]
SQL: SHOW COLUMNS FROM `goods` [ RunTime:0.0085s ]
SQL: SELECT * FROM `goods` `g`,`saler` `s` WHERE ( g.salerid=s.salerid and g.goodstype='卸妆'and now='1' )  [ RunTime:0.0008s ]
INFO: [ view_parse ] --START--
INFO: [ template_filter ] --START--
INFO: Run Behavior\ContentReplaceBehavior [ RunTime:0.000083s ]
INFO: [ template_filter ] --END-- [ RunTime:0.000154s ]
INFO: Run Behavior\ParseTemplateBehavior [ RunTime:0.046510s ]
INFO: [ view_parse ] --END-- [ RunTime:0.046613s ]
INFO: [ view_filter ] --START--
INFO: Run Behavior\WriteHtmlCacheBehavior [ RunTime:0.004425s ]
INFO: [ view_filter ] --END-- [ RunTime:0.004499s ]
INFO: [ app_end ] --START--
INFO: Run Behavior\ShowPageTraceBehavior [ RunTime:0.006922s ]
INFO: [ app_end ] --END-- [ RunTime:0.007004s ]

[ 2016-12-26T22:09:49+08:00 ] ::1 /thinkPhpPro/Shop/index.php/Goods/goodsList/goodstype/%E6%8A%A4%E8%82%A4.html
INFO: [ app_init ] --START--
INFO: Run Behavior\BuildLiteBehavior [ RunTime:0.000013s ]
INFO: [ app_init ] --END-- [ RunTime:0.001065s ]
INFO: [ app_begin ] --START--
INFO: Run Behavior\ReadHtmlCacheBehavior [ RunTime:0.008897s ]
INFO: [ app_begin ] --END-- [ RunTime:0.008992s ]
SQL: SHOW COLUMNS FROM `goods` [ RunTime:0.0040s ]
SQL: SHOW COLUMNS FROM `goods` [ RunTime:0.0048s ]
SQL: SELECT * FROM `goods` `g`,`saler` `s` WHERE ( g.salerid=s.salerid and g.goodstype='护肤'and now='1' )  [ RunTime:0.0005s ]
INFO: [ view_parse ] --START--
INFO: [ template_filter ] --START--
INFO: Run Behavior\ContentReplaceBehavior [ RunTime:0.000066s ]
INFO: [ template_filter ] --END-- [ RunTime:0.000116s ]
INFO: Run Behavior\ParseTemplateBehavior [ RunTime:0.025545s ]
INFO: [ view_parse ] --END-- [ RunTime:0.025612s ]
INFO: [ view_filter ] --START--
INFO: Run Behavior\WriteHtmlCacheBehavior [ RunTime:0.004957s ]
INFO: [ view_filter ] --END-- [ RunTime:0.005021s ]
INFO: [ app_end ] --START--
INFO: Run Behavior\ShowPageTraceBehavior [ RunTime:0.002661s ]
INFO: [ app_end ] --END-- [ RunTime:0.002700s ]

[ 2016-12-26T22:09:50+08:00 ] ::1 /thinkPhpPro/Shop/index.php/Goods/goodsList/goodstype/%E5%A4%B4%E5%8F%91.html
INFO: [ app_init ] --START--
INFO: Run Behavior\BuildLiteBehavior [ RunTime:0.000054s ]
INFO: [ app_init ] --END-- [ RunTime:0.019147s ]
INFO: [ app_begin ] --START--
INFO: Run Behavior\ReadHtmlCacheBehavior [ RunTime:0.014131s ]
INFO: [ app_begin ] --END-- [ RunTime:0.030619s ]
SQL: SHOW COLUMNS FROM `goods` [ RunTime:0.0070s ]
SQL: SHOW COLUMNS FROM `goods` [ RunTime:0.0076s ]
SQL: SELECT * FROM `goods` `g`,`saler` `s` WHERE ( g.salerid=s.salerid and g.goodstype='头发'and now='1' )  [ RunTime:0.0007s ]
INFO: [ view_parse ] --START--
INFO: [ template_filter ] --START--
INFO: Run Behavior\ContentReplaceBehavior [ RunTime:0.000309s ]
INFO: [ template_filter ] --END-- [ RunTime:0.003884s ]
INFO: Run Behavior\ParseTemplateBehavior [ RunTime:0.210137s ]
INFO: [ view_parse ] --END-- [ RunTime:0.210293s ]
INFO: [ view_filter ] --START--
INFO: Run Behavior\WriteHtmlCacheBehavior [ RunTime:0.046639s ]
INFO: [ view_filter ] --END-- [ RunTime:0.046792s ]
INFO: [ app_end ] --START--
INFO: Run Behavior\ShowPageTraceBehavior [ RunTime:0.016267s ]
INFO: [ app_end ] --END-- [ RunTime:0.016328s ]

[ 2016-12-26T22:09:53+08:00 ] ::1 /thinkPhpPro/Shop/index.php/User/buyer.html
INFO: [ app_init ] --START--
INFO: Run Behavior\BuildLiteBehavior [ RunTime:0.000245s ]
INFO: [ app_init ] --END-- [ RunTime:0.017823s ]
INFO: [ app_begin ] --START--
INFO: Run Behavior\ReadHtmlCacheBehavior [ RunTime:0.020124s ]
INFO: [ app_begin ] --END-- [ RunTime:0.020266s ]
SQL: SHOW COLUMNS FROM `user` [ RunTime:0.0086s ]
SQL: SHOW COLUMNS FROM `user` [ RunTime:0.0093s ]
SQL: SELECT * FROM `user` WHERE ( userid='1' ) LIMIT 1   [ RunTime:0.0006s ]
SQL: SHOW COLUMNS FROM `goods` [ RunTime:0.0082s ]
SQL: SELECT * FROM `goods` `g`,`saler` `s`,`user` `u`,`goodslove` `l` WHERE ( g.salerid=s.salerid and g.goodsid=l.goodsid and u.userid=l.userid and u.userid='1' )  [ RunTime:0.0010s ]
SQL: SHOW COLUMNS FROM `useraddress` [ RunTime:0.0094s ]
SQL: SELECT * FROM `useraddress` WHERE ( userid='1' )  [ RunTime:0.0004s ]
SQL: SHOW COLUMNS FROM `goods` [ RunTime:0.0227s ]
SQL: SELECT * FROM `goods` `g`,`shoplist` `l`,`user` `u`,`saler` `s` WHERE ( g.goodsid=l.goodsid and u.userid=l.userid and u.userid='1' and repay='1'and g.salerid=s.salerid )  [ RunTime:0.0012s ]
INFO: [ view_parse ] --START--
INFO: [ template_filter ] --START--
INFO: Run Behavior\ContentReplaceBehavior [ RunTime:0.000139s ]
INFO: [ template_filter ] --END-- [ RunTime:0.000218s ]
INFO: Run Behavior\ParseTemplateBehavior [ RunTime:0.179249s ]
INFO: [ view_parse ] --END-- [ RunTime:0.179338s ]
INFO: [ view_filter ] --START--
INFO: Run Behavior\WriteHtmlCacheBehavior [ RunTime:0.016935s ]
INFO: [ view_filter ] --END-- [ RunTime:0.017038s ]
INFO: [ app_end ] --START--
INFO: Run Behavior\ShowPageTraceBehavior [ RunTime:0.049628s ]
INFO: [ app_end ] --END-- [ RunTime:0.049751s ]

[ 2016-12-26T22:10:19+08:00 ] ::1 /thinkPhpPro/Shop/index.php/User/Logout.html
INFO: [ app_init ] --START--
INFO: Run Behavior\BuildLiteBehavior [ RunTime:0.000036s ]
INFO: [ app_init ] --END-- [ RunTime:0.010982s ]
INFO: [ app_begin ] --START--
INFO: Run Behavior\ReadHtmlCacheBehavior [ RunTime:0.011257s ]
INFO: [ app_begin ] --END-- [ RunTime:0.011330s ]

[ 2016-12-26T22:10:19+08:00 ] ::1 /thinkPhpPro/Shop/index.php/Index/index.html
INFO: [ app_init ] --START--
INFO: Run Behavior\BuildLiteBehavior [ RunTime:0.000019s ]
INFO: [ app_init ] --END-- [ RunTime:0.001858s ]
INFO: [ app_begin ] --START--
INFO: Run Behavior\ReadHtmlCacheBehavior [ RunTime:0.004055s ]
INFO: [ app_begin ] --END-- [ RunTime:0.004132s ]
SQL: SHOW COLUMNS FROM `goods` [ RunTime:0.0046s ]
SQL: SHOW COLUMNS FROM `goods` [ RunTime:0.0039s ]
SQL: SELECT * FROM `goods` LIMIT 8   [ RunTime:0.0004s ]
INFO: [ view_parse ] --START--
INFO: [ template_filter ] --START--
INFO: Run Behavior\ContentReplaceBehavior [ RunTime:0.000060s ]
INFO: [ template_filter ] --END-- [ RunTime:0.000107s ]
INFO: Run Behavior\ParseTemplateBehavior [ RunTime:0.093464s ]
INFO: [ view_parse ] --END-- [ RunTime:0.093521s ]
INFO: [ view_filter ] --START--
INFO: Run Behavior\WriteHtmlCacheBehavior [ RunTime:0.007099s ]
INFO: [ view_filter ] --END-- [ RunTime:0.007151s ]
INFO: [ app_end ] --START--
INFO: Run Behavior\ShowPageTraceBehavior [ RunTime:0.016505s ]
INFO: [ app_end ] --END-- [ RunTime:0.016599s ]

[ 2016-12-26T22:10:20+08:00 ] ::1 /thinkPhpPro/Shop/index.php/User/login.html
INFO: [ app_init ] --START--
INFO: Run Behavior\BuildLiteBehavior [ RunTime:0.000014s ]
INFO: [ app_init ] --END-- [ RunTime:0.001803s ]
INFO: [ app_begin ] --START--
INFO: Run Behavior\ReadHtmlCacheBehavior [ RunTime:0.003525s ]
INFO: [ app_begin ] --END-- [ RunTime:0.003601s ]
INFO: [ view_parse ] --START--
INFO: [ template_filter ] --START--
INFO: Run Behavior\ContentReplaceBehavior [ RunTime:0.000048s ]
INFO: [ template_filter ] --END-- [ RunTime:0.000098s ]
INFO: Run Behavior\ParseTemplateBehavior [ RunTime:0.020691s ]
INFO: [ view_parse ] --END-- [ RunTime:0.020789s ]
INFO: [ view_filter ] --START--
INFO: Run Behavior\WriteHtmlCacheBehavior [ RunTime:0.003898s ]
INFO: [ view_filter ] --END-- [ RunTime:0.003956s ]
INFO: [ app_end ] --START--
INFO: Run Behavior\ShowPageTraceBehavior [ RunTime:0.003145s ]
INFO: [ app_end ] --END-- [ RunTime:0.003190s ]

[ 2016-12-26T22:10:26+08:00 ] ::1 /thinkPhpPro/Shop/index.php/User/doLogin.html
INFO: [ app_init ] --START--
INFO: Run Behavior\BuildLiteBehavior [ RunTime:0.000014s ]
INFO: [ app_init ] --END-- [ RunTime:0.001444s ]
INFO: [ app_begin ] --START--
INFO: Run Behavior\ReadHtmlCacheBehavior [ RunTime:0.003035s ]
INFO: [ app_begin ] --END-- [ RunTime:0.003104s ]
SQL: SHOW COLUMNS FROM `user` [ RunTime:0.0101s ]
SQL: SHOW COLUMNS FROM `saler` [ RunTime:0.0079s ]
SQL: SELECT * FROM `saler` WHERE ( salername='格润全球购' and salerpassword ='123456' ) LIMIT 1   [ RunTime:0.0006s ]

[ 2016-12-26T22:10:27+08:00 ] ::1 /thinkPhpPro/Shop/index.php/User/saler.html
INFO: [ app_init ] --START--
INFO: Run Behavior\BuildLiteBehavior [ RunTime:0.000016s ]
INFO: [ app_init ] --END-- [ RunTime:0.001685s ]
INFO: [ app_begin ] --START--
INFO: Run Behavior\ReadHtmlCacheBehavior [ RunTime:0.005559s ]
INFO: [ app_begin ] --END-- [ RunTime:0.005663s ]
SQL: SHOW COLUMNS FROM `user` [ RunTime:0.0098s ]
SQL: SHOW COLUMNS FROM `saler` [ RunTime:0.0082s ]
SQL: SELECT * FROM `saler` WHERE ( salerid='1' ) LIMIT 1   [ RunTime:0.0090s ]
SQL: SHOW COLUMNS FROM `goods` [ RunTime:0.0111s ]
SQL: SELECT * FROM `goods` WHERE ( salerid='1'and now='1' )  [ RunTime:0.0007s ]
SQL: SHOW COLUMNS FROM `goods` [ RunTime:0.0065s ]
SQL: SELECT * FROM `goods` `g`,`shoplist` `l`,`user` `u`,`saler` `s` WHERE ( l.goodsid=g.goodsid and l.userid=u.userid and g.salerid=s.salerid and s.salerid='1' )  [ RunTime:0.0013s ]
INFO: [ view_parse ] --START--
INFO: [ template_filter ] --START--
INFO: Run Behavior\ContentReplaceBehavior [ RunTime:0.000122s ]
INFO: [ template_filter ] --END-- [ RunTime:0.000180s ]
INFO: Run Behavior\ParseTemplateBehavior [ RunTime:0.068597s ]
INFO: [ view_parse ] --END-- [ RunTime:0.068973s ]
INFO: [ view_filter ] --START--
INFO: Run Behavior\WriteHtmlCacheBehavior [ RunTime:0.004819s ]
INFO: [ view_filter ] --END-- [ RunTime:0.004876s ]
INFO: [ app_end ] --START--
INFO: Run Behavior\ShowPageTraceBehavior [ RunTime:0.004233s ]
INFO: [ app_end ] --END-- [ RunTime:0.004339s ]

[ 2016-12-26T22:10:36+08:00 ] ::1 /thinkPhpPro/Shop/index.php/User/Logout.html
INFO: [ app_init ] --START--
INFO: Run Behavior\BuildLiteBehavior [ RunTime:0.000012s ]
INFO: [ app_init ] --END-- [ RunTime:0.001232s ]
INFO: [ app_begin ] --START--
INFO: Run Behavior\ReadHtmlCacheBehavior [ RunTime:0.004234s ]
INFO: [ app_begin ] --END-- [ RunTime:0.004304s ]

[ 2016-12-26T22:10:36+08:00 ] ::1 /thinkPhpPro/Shop/index.php/Index/index.html
INFO: [ app_init ] --START--
INFO: Run Behavior\BuildLiteBehavior [ RunTime:0.000016s ]
INFO: [ app_init ] --END-- [ RunTime:0.001338s ]
INFO: [ app_begin ] --START--
INFO: Run Behavior\ReadHtmlCacheBehavior [ RunTime:0.003846s ]
INFO: [ app_begin ] --END-- [ RunTime:0.003917s ]
SQL: SHOW COLUMNS FROM `goods` [ RunTime:0.0044s ]
SQL: SHOW COLUMNS FROM `goods` [ RunTime:0.0040s ]
SQL: SELECT * FROM `goods` LIMIT 8   [ RunTime:0.0006s ]
INFO: [ view_parse ] --START--
INFO: [ template_filter ] --START--
INFO: Run Behavior\ContentReplaceBehavior [ RunTime:0.000062s ]
INFO: [ template_filter ] --END-- [ RunTime:0.000111s ]
INFO: Run Behavior\ParseTemplateBehavior [ RunTime:0.025167s ]
INFO: [ view_parse ] --END-- [ RunTime:0.025249s ]
INFO: [ view_filter ] --START--
INFO: Run Behavior\WriteHtmlCacheBehavior [ RunTime:0.003006s ]
INFO: [ view_filter ] --END-- [ RunTime:0.003053s ]
INFO: [ app_end ] --START--
INFO: Run Behavior\ShowPageTraceBehavior [ RunTime:0.005494s ]
INFO: [ app_end ] --END-- [ RunTime:0.005568s ]

